<?xml version="1.0" encoding="UTF-8"?>
<testsuite name="uk.ac.shef.com3529.bankaccount.BankAccountTestUsingMockito" tests="4" skipped="0" failures="0" errors="0" timestamp="2024-02-22T14:14:00" hostname="penguin.local" time="0.909">
  <properties/>
  <testcase name="shouldDepositAmount()" classname="uk.ac.shef.com3529.bankaccount.BankAccountTestUsingMockito" time="0.892"/>
  <testcase name="shouldAssignABankAccountWhenOpeningAnAccount()" classname="uk.ac.shef.com3529.bankaccount.BankAccountTestUsingMockito" time="0.004"/>
  <testcase name="shouldCalculateBalanceCorrectlyFollowingAWithdrawal()" classname="uk.ac.shef.com3529.bankaccount.BankAccountTestUsingMockito" time="0.004"/>
  <testcase name="shouldNotAllowNegativeAmountsToBeWithdrawn()" classname="uk.ac.shef.com3529.bankaccount.BankAccountTestUsingMockito" time="0.003"/>
  <system-out><![CDATA[]]></system-out>
  <system-err><![CDATA[]]></system-err>
</testsuite>
