<?xml version="1.0" encoding="UTF-8"?>
<testsuite name="uk.ac.shef.com3529.forum.ForumTest" tests="4" skipped="0" failures="0" errors="0" timestamp="2024-02-22T14:14:01" hostname="penguin.local" time="0.011">
  <properties/>
  <testcase name="testGetMostProfilicPoster()" classname="uk.ac.shef.com3529.forum.ForumTest" time="0.004"/>
  <testcase name="testBan()" classname="uk.ac.shef.com3529.forum.ForumTest" time="0.001"/>
  <testcase name="shouldGetRegisteredUser()" classname="uk.ac.shef.com3529.forum.ForumTest" time="0.001"/>
  <testcase name="shouldNotLoginBannedUser()" classname="uk.ac.shef.com3529.forum.ForumTest" time="0.002"/>
  <system-out><![CDATA[]]></system-out>
  <system-err><![CDATA[]]></system-err>
</testsuite>
