<?xml version="1.0" encoding="UTF-8"?>
<testsuite name="uk.ac.shef.com3529.TriangleTest" tests="4" skipped="0" failures="0" errors="0" timestamp="2024-02-22T14:14:00" hostname="penguin.local" time="0.068">
  <properties/>
  <testcase name="shouldClassifyIsocelesWhenSidesAreOutOfOrder()" classname="uk.ac.shef.com3529.TriangleTest" time="0.022"/>
  <testcase name="shouldClassifyEquilateral()" classname="uk.ac.shef.com3529.TriangleTest" time="0.0"/>
  <testcase name="shouldClassifyIsoceles()" classname="uk.ac.shef.com3529.TriangleTest" time="0.001"/>
  <testcase name="shouldThrowExceptionWithInvalidTriangle()" classname="uk.ac.shef.com3529.TriangleTest" time="0.041"/>
  <system-out><![CDATA[]]></system-out>
  <system-err><![CDATA[]]></system-err>
</testsuite>
